{"total": {"lines":{"total":139,"covered":112,"skipped":0,"pct":80.57},"statements":{"total":142,"covered":115,"skipped":0,"pct":80.98},"functions":{"total":28,"covered":25,"skipped":0,"pct":89.28},"branches":{"total":38,"covered":23,"skipped":0,"pct":60.52},"branchesTrue":{"total":0,"covered":0,"skipped":0,"pct":100}}
,"/home/matheus/trybe/projetos/sd-014-a-project-car-shop/src/controllers/CarControllers.ts": {"lines":{"total":43,"covered":43,"skipped":0,"pct":100},"functions":{"total":5,"covered":5,"skipped":0,"pct":100},"statements":{"total":43,"covered":43,"skipped":0,"pct":100},"branches":{"total":17,"covered":17,"skipped":0,"pct":100}}
,"/home/matheus/trybe/projetos/sd-014-a-project-car-shop/src/controllers/MongoControllers.ts": {"lines":{"total":9,"covered":9,"skipped":0,"pct":100},"functions":{"total":2,"covered":2,"skipped":0,"pct":100},"statements":{"total":10,"covered":10,"skipped":0,"pct":100},"branches":{"total":0,"covered":0,"skipped":0,"pct":100}}
,"/home/matheus/trybe/projetos/sd-014-a-project-car-shop/src/controllers/MotorcycleControllers.ts": {"lines":{"total":43,"covered":16,"skipped":0,"pct":37.2},"functions":{"total":5,"covered":2,"skipped":0,"pct":40},"statements":{"total":43,"covered":16,"skipped":0,"pct":37.2},"branches":{"total":17,"covered":2,"skipped":0,"pct":11.76}}
,"/home/matheus/trybe/projetos/sd-014-a-project-car-shop/src/models/CarModels.ts": {"lines":{"total":6,"covered":6,"skipped":0,"pct":100},"functions":{"total":1,"covered":1,"skipped":0,"pct":100},"statements":{"total":6,"covered":6,"skipped":0,"pct":100},"branches":{"total":1,"covered":1,"skipped":0,"pct":100}}
,"/home/matheus/trybe/projetos/sd-014-a-project-car-shop/src/models/MongoModels.ts": {"lines":{"total":10,"covered":10,"skipped":0,"pct":100},"functions":{"total":6,"covered":6,"skipped":0,"pct":100},"statements":{"total":12,"covered":12,"skipped":0,"pct":100},"branches":{"total":0,"covered":0,"skipped":0,"pct":100}}
,"/home/matheus/trybe/projetos/sd-014-a-project-car-shop/src/models/MotorcycleModels.ts": {"lines":{"total":6,"covered":6,"skipped":0,"pct":100},"functions":{"total":1,"covered":1,"skipped":0,"pct":100},"statements":{"total":6,"covered":6,"skipped":0,"pct":100},"branches":{"total":1,"covered":1,"skipped":0,"pct":100}}
,"/home/matheus/trybe/projetos/sd-014-a-project-car-shop/src/services/CarServices.ts": {"lines":{"total":5,"covered":5,"skipped":0,"pct":100},"functions":{"total":1,"covered":1,"skipped":0,"pct":100},"statements":{"total":5,"covered":5,"skipped":0,"pct":100},"branches":{"total":1,"covered":1,"skipped":0,"pct":100}}
,"/home/matheus/trybe/projetos/sd-014-a-project-car-shop/src/services/MongoServices.ts": {"lines":{"total":12,"covered":12,"skipped":0,"pct":100},"functions":{"total":6,"covered":6,"skipped":0,"pct":100},"statements":{"total":12,"covered":12,"skipped":0,"pct":100},"branches":{"total":0,"covered":0,"skipped":0,"pct":100}}
,"/home/matheus/trybe/projetos/sd-014-a-project-car-shop/src/services/MotorcycleServices.ts": {"lines":{"total":5,"covered":5,"skipped":0,"pct":100},"functions":{"total":1,"covered":1,"skipped":0,"pct":100},"statements":{"total":5,"covered":5,"skipped":0,"pct":100},"branches":{"total":1,"covered":1,"skipped":0,"pct":100}}
}
