TN:
SF:src/controllers/CarControllers.ts
FN:11,(anonymous_1)
FN:15,(anonymous_2)
FN:36,(anonymous_3)
FN:57,(anonymous_4)
FN:83,(anonymous_5)
FNF:5
FNH:5
FNDA:1,(anonymous_1)
FNDA:3,(anonymous_2)
FNDA:4,(anonymous_3)
FNDA:5,(anonymous_4)
FNDA:4,(anonymous_5)
DA:1,1
DA:3,1
DA:7,1
DA:8,1
DA:11,1
DA:12,1
DA:15,1
DA:19,3
DA:20,3
DA:22,3
DA:24,2
DA:26,1
DA:28,2
DA:29,1
DA:32,1
DA:36,1
DA:40,4
DA:41,4
DA:43,4
DA:44,1
DA:47,3
DA:49,2
DA:53,1
DA:57,1
DA:61,5
DA:62,5
DA:64,5
DA:65,1
DA:68,4
DA:70,3
DA:72,2
DA:75,2
DA:76,1
DA:79,1
DA:83,1
DA:87,4
DA:88,4
DA:90,4
DA:91,1
DA:94,3
DA:96,2
DA:100,1
DA:105,1
LF:43
LH:43
BRDA:11,0,0,1
BRDA:28,1,0,1
BRDA:28,1,1,1
BRDA:43,2,0,1
BRDA:43,2,1,3
BRDA:49,3,0,1
BRDA:49,3,1,1
BRDA:64,4,0,1
BRDA:64,4,1,4
BRDA:72,5,0,1
BRDA:72,5,1,1
BRDA:75,6,0,1
BRDA:75,6,1,1
BRDA:90,7,0,1
BRDA:90,7,1,3
BRDA:96,8,0,1
BRDA:96,8,1,1
BRF:17
BRH:17
end_of_record
TN:
SF:src/controllers/MongoControllers.ts
FN:16,(anonymous_1)
FN:23,(anonymous_2)
FNF:2
FNH:2
FNDA:2,(anonymous_1)
FNDA:2,(anonymous_2)
DA:2,1
DA:14,2
DA:16,2
DA:23,2
DA:27,2
DA:28,2
DA:30,1
DA:32,1
DA:52,1
LF:9
LH:9
BRF:0
BRH:0
end_of_record
TN:
SF:src/controllers/MotorcycleControllers.ts
FN:13,(anonymous_1)
FN:17,(anonymous_2)
FN:38,(anonymous_3)
FN:59,(anonymous_4)
FN:85,(anonymous_5)
FNF:5
FNH:2
FNDA:1,(anonymous_1)
FNDA:3,(anonymous_2)
FNDA:0,(anonymous_3)
FNDA:0,(anonymous_4)
FNDA:0,(anonymous_5)
DA:1,1
DA:3,1
DA:7,1
DA:10,1
DA:13,1
DA:14,1
DA:17,1
DA:21,3
DA:22,3
DA:24,3
DA:26,0
DA:28,0
DA:30,3
DA:31,3
DA:34,0
DA:38,1
DA:42,0
DA:43,0
DA:45,0
DA:46,0
DA:49,0
DA:51,0
DA:55,0
DA:59,1
DA:63,0
DA:64,0
DA:66,0
DA:67,0
DA:70,0
DA:72,0
DA:74,0
DA:77,0
DA:78,0
DA:81,0
DA:85,1
DA:89,0
DA:90,0
DA:92,0
DA:93,0
DA:96,0
DA:98,0
DA:102,0
DA:107,1
LF:43
LH:16
BRDA:13,0,0,1
BRDA:30,1,0,3
BRDA:30,1,1,0
BRDA:45,2,0,0
BRDA:45,2,1,0
BRDA:51,3,0,0
BRDA:51,3,1,0
BRDA:66,4,0,0
BRDA:66,4,1,0
BRDA:74,5,0,0
BRDA:74,5,1,0
BRDA:77,6,0,0
BRDA:77,6,1,0
BRDA:92,7,0,0
BRDA:92,7,1,0
BRDA:98,8,0,0
BRDA:98,8,1,0
BRF:17
BRH:2
end_of_record
TN:
SF:src/models/CarModels.ts
FN:21,(anonymous_1)
FNF:1
FNH:1
FNDA:4,(anonymous_1)
DA:1,1
DA:3,1
DA:7,1
DA:21,4
DA:22,4
DA:26,1
LF:6
LH:6
BRDA:21,0,0,4
BRF:1
BRH:1
end_of_record
TN:
SF:src/models/MongoModels.ts
FN:5,(anonymous_0)
FN:7,(anonymous_1)
FN:9,(anonymous_2)
FN:11,(anonymous_3)
FN:14,(anonymous_4)
FN:17,(anonymous_5)
FNF:6
FNH:6
FNDA:6,(anonymous_0)
FNDA:3,(anonymous_1)
FNDA:3,(anonymous_2)
FNDA:5,(anonymous_3)
FNDA:5,(anonymous_4)
FNDA:5,(anonymous_5)
DA:5,6
DA:7,6
DA:9,6
DA:11,6
DA:12,5
DA:14,6
DA:15,5
DA:17,6
DA:18,5
DA:21,1
LF:10
LH:10
BRF:0
BRH:0
end_of_record
TN:
SF:src/models/MotorcycleModels.ts
FN:21,(anonymous_1)
FNF:1
FNH:1
FNDA:2,(anonymous_1)
DA:1,1
DA:3,1
DA:7,1
DA:21,2
DA:22,2
DA:26,1
LF:6
LH:6
BRDA:21,0,0,2
BRF:1
BRH:1
end_of_record
TN:
SF:src/services/CarServices.ts
FN:6,(anonymous_1)
FNF:1
FNH:1
FNDA:2,(anonymous_1)
DA:2,1
DA:3,1
DA:6,2
DA:7,2
DA:11,1
LF:5
LH:5
BRDA:6,0,0,2
BRF:1
BRH:1
end_of_record
TN:
SF:src/services/MongoServices.ts
FN:4,(anonymous_0)
FN:6,(anonymous_1)
FN:11,(anonymous_2)
FN:16,(anonymous_3)
FN:21,(anonymous_4)
FN:26,(anonymous_5)
FNF:6
FNH:6
FNDA:3,(anonymous_0)
FNDA:3,(anonymous_1)
FNDA:3,(anonymous_2)
FNDA:5,(anonymous_3)
FNDA:5,(anonymous_4)
FNDA:5,(anonymous_5)
DA:4,3
DA:7,3
DA:8,2
DA:12,3
DA:13,2
DA:17,5
DA:18,4
DA:22,5
DA:23,4
DA:27,5
DA:28,4
DA:31,1
LF:12
LH:12
BRF:0
BRH:0
end_of_record
TN:
SF:src/services/MotorcycleServices.ts
FN:6,(anonymous_1)
FNF:1
FNH:1
FNDA:1,(anonymous_1)
DA:2,1
DA:3,1
DA:6,1
DA:7,1
DA:11,1
LF:5
LH:5
BRDA:6,0,0,1
BRF:1
BRH:1
end_of_record
